<?xml version="1.0" encoding="UTF-8"?>
<!-- Generated by org.testng.reporters.JUnitXMLReporter -->
<testsuite hostname="DESKTOP-H3C7SM4" ignored="0" name="Default test" tests="4" failures="0" timestamp="25 Nov 2019 06:36:27 GMT" time="27.491" errors="0">
  <testcase name="loginValidation" time="1.798" classname="com.YahooMAil.MultipleDataYAhoo"/>
  <testcase name="loginValidation" time="0.928" classname="com.YahooMAil.MultipleDataYAhoo"/>
  <testcase name="loginValidation" time="0.504" classname="com.YahooMAil.MultipleDataYAhoo"/>
  <testcase name="loginValidation" time="0.478" classname="com.YahooMAil.MultipleDataYAhoo"/>
</testsuite> <!-- Default test -->
