<?xml version="1.0" encoding="UTF-8"?>
<!-- Generated by org.testng.reporters.JUnitXMLReporter -->
<testsuite hostname="DESKTOP-H3C7SM4" ignored="0" name="Test" tests="3" failures="3" timestamp="10 Sep 2019 06:20:20 GMT" time="17.101" errors="0">
  <testcase name="login" time="2.02" classname="com.OrangeHRM.LoginPage">
    <failure type="java.lang.NullPointerException">
      <![CDATA[java.lang.NullPointerException
at com.OrangeHRM.LoginPage.login(LoginPage.java:15)
... Removed 25 stack frames]]>
    </failure>
  </testcase> <!-- login -->
  <testcase name="admin" time="5.008" classname="com.OrangeHRM.AdminPage">
    <failure type="java.lang.NullPointerException">
      <![CDATA[java.lang.NullPointerException
at com.OrangeHRM.AdminPage.admin(AdminPage.java:15)
... Removed 25 stack frames]]>
    </failure>
  </testcase> <!-- admin -->
  <testcase name="jobTitle" time="10.018" classname="com.OrangeHRM.AdminPage">
    <failure type="java.lang.NullPointerException">
      <![CDATA[java.lang.NullPointerException
at com.OrangeHRM.AdminPage.jobTitle(AdminPage.java:46)
... Removed 25 stack frames]]>
    </failure>
  </testcase> <!-- jobTitle -->
</testsuite> <!-- Test -->
