<?xml version="1.0" encoding="UTF-8"?>
<testng-results skipped="0" failed="0" ignored="0" total="2" passed="2">
  <reporter-output>
  </reporter-output>
  <suite name="Default suite" duration-ms="25796" started-at="2019-09-26T16:49:47Z" finished-at="2019-09-26T16:50:13Z">
    <groups>
    </groups>
    <test name="Default test" duration-ms="25796" started-at="2019-09-26T16:49:47Z" finished-at="2019-09-26T16:50:13Z">
      <class name="com.GCreddy.After_Before">
        <test-method status="PASS" signature="launchBrowser()[pri:0, instance:com.GCreddy.After_Before@604ed9f0]" name="launchBrowser" is-config="true" duration-ms="7823" started-at="2019-09-26T16:49:47Z" finished-at="2019-09-26T16:49:55Z">
          <reporter-output>
          </reporter-output>
        </test-method> <!-- launchBrowser -->
        <test-method status="PASS" signature="verifyTitle()[pri:1, instance:com.GCreddy.After_Before@604ed9f0]" name="verifyTitle" duration-ms="2372" started-at="2019-09-26T16:49:55Z" finished-at="2019-09-26T16:49:58Z">
          <reporter-output>
          </reporter-output>
        </test-method> <!-- verifyTitle -->
        <test-method status="PASS" signature="closeBrowser()[pri:0, instance:com.GCreddy.After_Before@604ed9f0]" name="closeBrowser" is-config="true" duration-ms="4196" started-at="2019-09-26T16:49:58Z" finished-at="2019-09-26T16:50:02Z">
          <reporter-output>
          </reporter-output>
        </test-method> <!-- closeBrowser -->
        <test-method status="PASS" signature="launchBrowser()[pri:0, instance:com.GCreddy.After_Before@604ed9f0]" name="launchBrowser" is-config="true" duration-ms="4451" started-at="2019-09-26T16:50:02Z" finished-at="2019-09-26T16:50:06Z">
          <reporter-output>
          </reporter-output>
        </test-method> <!-- launchBrowser -->
        <test-method status="PASS" signature="verifygcrshop()[pri:2, instance:com.GCreddy.After_Before@604ed9f0]" name="verifygcrshop" duration-ms="3972" started-at="2019-09-26T16:50:06Z" finished-at="2019-09-26T16:50:10Z">
          <reporter-output>
          </reporter-output>
        </test-method> <!-- verifygcrshop -->
        <test-method status="PASS" signature="closeBrowser()[pri:0, instance:com.GCreddy.After_Before@604ed9f0]" name="closeBrowser" is-config="true" duration-ms="2935" started-at="2019-09-26T16:50:10Z" finished-at="2019-09-26T16:50:13Z">
          <reporter-output>
          </reporter-output>
        </test-method> <!-- closeBrowser -->
      </class> <!-- com.GCreddy.After_Before -->
    </test> <!-- Default test -->
  </suite> <!-- Default suite -->
</testng-results>
