<?xml version="1.0" encoding="UTF-8"?>
<!-- Generated by org.testng.reporters.JUnitXMLReporter -->
<testsuite hostname="DESKTOP-H3C7SM4" ignored="1" name="Test" tests="2" failures="0" timestamp="16 Oct 2019 08:47:44 GMT" time="0.093" errors="0">
  <testcase name="@BeforeTest setup" time="0.002" classname="com.Ohrm.Testcases.LoginPageTest">
    <failure type="java.lang.NullPointerException">
      <![CDATA[java.lang.NullPointerException
at com.Ohrm.Basetest.TestBase.initialization(TestBase.java:39)
at com.Ohrm.Testcases.LoginPageTest.setup(LoginPageTest.java:30)
... Removed 24 stack frames]]>
    </failure>
  </testcase> <!-- @BeforeTest setup -->
  <testcase name="@BeforeMethod setup" time="0.0" classname="com.Ohrm.Testcases.HomePageTest">
    <skipped/>
  </testcase> <!-- @BeforeMethod setup -->
  <testcase name="@AfterMethod tearDown" time="0.0" classname="com.Ohrm.Testcases.HomePageTest">
    <skipped/>
  </testcase> <!-- @AfterMethod tearDown -->
  <testcase name="@AfterTest tearDown" time="0.0" classname="com.Ohrm.Testcases.LoginPageTest">
    <skipped/>
  </testcase> <!-- @AfterTest tearDown -->
  <testcase name="homepagevalidatioontest" time="0.0" classname="com.Ohrm.Testcases.HomePageTest">
    <skipped/>
  </testcase> <!-- homepagevalidatioontest -->
  <testcase name="loginPagevalid" time="0.0" classname="com.Ohrm.Testcases.LoginPageTest">
    <skipped/>
  </testcase> <!-- loginPagevalid -->
  <testcase name="@BeforeSuite extentReports" time="0.0" classname="com.Ohrm.Basetest.TestBase">
    <ignored/>
  </testcase> <!-- @BeforeSuite extentReports -->
</testsuite> <!-- Test -->
