<?xml version="1.0" encoding="UTF-8"?>
<!-- Generated by org.testng.reporters.JUnitXMLReporter -->
<testsuite hostname="DESKTOP-H3C7SM4" ignored="0" name="multi methods" tests="3" failures="0" timestamp="21 Nov 2019 14:38:38 GMT" time="27.477" errors="0">
  <testcase name="executSessionThree" time="24.71" classname="com.Guru99.MultipleSession"/>
  <testcase name="executSessionOne" time="26.446" classname="com.Guru99.MultipleSession"/>
  <testcase name="executeSessionTwo" time="27.446" classname="com.Guru99.MultipleSession"/>
</testsuite> <!-- multi methods -->
