<?xml version="1.0" encoding="UTF-8"?>
<testng-results skipped="0" failed="0" ignored="0" total="4" passed="4">
  <reporter-output>
  </reporter-output>
  <suite name="Default suite" duration-ms="27491" started-at="2019-11-25T06:35:59Z" finished-at="2019-11-25T06:36:27Z">
    <groups>
    </groups>
    <test name="Default test" duration-ms="27491" started-at="2019-11-25T06:35:59Z" finished-at="2019-11-25T06:36:27Z">
      <class name="com.YahooMAil.MultipleDataYAhoo">
        <test-method status="PASS" signature="setUp()[pri:0, instance:com.YahooMAil.MultipleDataYAhoo@e25b2fe]" name="setUp" is-config="true" duration-ms="20918" started-at="2019-11-25T06:35:59Z" finished-at="2019-11-25T06:36:20Z">
          <reporter-output>
          </reporter-output>
        </test-method> <!-- setUp -->
        <test-method status="PASS" signature="loginValidation(java.lang.String, java.lang.String)[pri:0, instance:com.YahooMAil.MultipleDataYAhoo@e25b2fe]" name="loginValidation" duration-ms="1798" started-at="2019-11-25T06:36:20Z" data-provider="data" finished-at="2019-11-25T06:36:22Z">
          <params>
            <param index="0">
              <value>
                <![CDATA[manish]]>
              </value>
            </param>
            <param index="1">
              <value>
                <![CDATA[123]]>
              </value>
            </param>
          </params>
          <reporter-output>
          </reporter-output>
        </test-method> <!-- loginValidation -->
        <test-method status="PASS" signature="loginValidation(java.lang.String, java.lang.String)[pri:0, instance:com.YahooMAil.MultipleDataYAhoo@e25b2fe]" name="loginValidation" duration-ms="928" started-at="2019-11-25T06:36:22Z" data-provider="data" finished-at="2019-11-25T06:36:23Z">
          <params>
            <param index="0">
              <value>
                <![CDATA[mahesh]]>
              </value>
            </param>
            <param index="1">
              <value>
                <![CDATA[231]]>
              </value>
            </param>
          </params>
          <reporter-output>
          </reporter-output>
        </test-method> <!-- loginValidation -->
        <test-method status="PASS" signature="loginValidation(java.lang.String, java.lang.String)[pri:0, instance:com.YahooMAil.MultipleDataYAhoo@e25b2fe]" name="loginValidation" duration-ms="504" started-at="2019-11-25T06:36:23Z" data-provider="data" finished-at="2019-11-25T06:36:23Z">
          <params>
            <param index="0">
              <value>
                <![CDATA[vamshi]]>
              </value>
            </param>
            <param index="1">
              <value>
                <![CDATA[342]]>
              </value>
            </param>
          </params>
          <reporter-output>
          </reporter-output>
        </test-method> <!-- loginValidation -->
        <test-method status="PASS" signature="loginValidation(java.lang.String, java.lang.String)[pri:0, instance:com.YahooMAil.MultipleDataYAhoo@e25b2fe]" name="loginValidation" duration-ms="478" started-at="2019-11-25T06:36:23Z" data-provider="data" finished-at="2019-11-25T06:36:24Z">
          <params>
            <param index="0">
              <value>
                <![CDATA[abhi]]>
              </value>
            </param>
            <param index="1">
              <value>
                <![CDATA[34241]]>
              </value>
            </param>
          </params>
          <reporter-output>
          </reporter-output>
        </test-method> <!-- loginValidation -->
        <test-method status="PASS" signature="tearDown()[pri:0, instance:com.YahooMAil.MultipleDataYAhoo@e25b2fe]" name="tearDown" is-config="true" duration-ms="2828" started-at="2019-11-25T06:36:24Z" finished-at="2019-11-25T06:36:27Z">
          <reporter-output>
          </reporter-output>
        </test-method> <!-- tearDown -->
      </class> <!-- com.YahooMAil.MultipleDataYAhoo -->
    </test> <!-- Default test -->
  </suite> <!-- Default suite -->
</testng-results>
