<?xml version="1.0" encoding="UTF-8"?>
<!-- Generated by org.testng.reporters.JUnitXMLReporter -->
<testsuite hostname="DESKTOP-H3C7SM4" name="Test" tests="2" failures="1" timestamp="4 Dec 2019 15:53:39 GMT" time="21.359" errors="0">
  <testcase name="Login" time="14.974" classname="com.Listener_Demo.Testcase"/>
  <testcase name="TestToFail" time="0.003" classname="com.Listener_Demo.Testcase">
    <failure type="java.lang.AssertionError" message="expected [true] but found [false]">
      <![CDATA[java.lang.AssertionError: expected [true] but found [false]
	at com.Listener_Demo.Testcase.TestToFail(Testcase.java:42)
... Removed 28 stack frames]]>
    </failure>
  </testcase> <!-- TestToFail -->
</testsuite> <!-- Test -->
