<?xml version="1.0" encoding="UTF-8"?>
<!-- Generated by org.testng.reporters.JUnitXMLReporter -->
<testsuite hostname="DESKTOP-H3C7SM4" ignored="0" name="Dress link" tests="5" failures="0" timestamp="06 Dec 2019 17:11:48 GMT" time="49.571" errors="0">
  <testcase name="logotestvalidation" time="0.142" classname="com.TestCase.DressesTest"/>
  <testcase name="numbertestvalidation" time="0.05" classname="com.TestCase.DressesTest"/>
  <testcase name="womentestvalidation" time="12.027" classname="com.TestCase.DressesTest"/>
  <testcase name="dresstestvalidation" time="9.796" classname="com.TestCase.DressesTest"/>
  <testcase name="tshirttestvalidation" time="8.906" classname="com.TestCase.DressesTest"/>
</testsuite> <!-- Dress link -->
