<?xml version="1.0" encoding="UTF-8"?>
<!-- Generated by org.testng.reporters.JUnitXMLReporter -->
<testsuite hostname="DESKTOP-H3C7SM4" ignored="0" name="Homepage link" tests="5" failures="0" timestamp="06 Dec 2019 17:12:39 GMT" time="50.866" errors="0">
  <testcase name="logotestvalidation" time="0.092" classname="com.TestCase.HomepageTest"/>
  <testcase name="numbertestvalidation" time="0.04" classname="com.TestCase.HomepageTest"/>
  <testcase name="womentestvalidation" time="13.526" classname="com.TestCase.HomepageTest"/>
  <testcase name="dresstestvalidation" time="9.953" classname="com.TestCase.HomepageTest"/>
  <testcase name="tshirttestvalidation" time="9.453" classname="com.TestCase.HomepageTest"/>
</testsuite> <!-- Homepage link -->
