<?xml version="1.0" encoding="UTF-8"?>
<!-- Generated by org.testng.reporters.JUnitXMLReporter -->
<testsuite hostname="DESKTOP-H3C7SM4" ignored="0" name="Tshirt link" tests="5" failures="0" timestamp="06 Dec 2019 17:10:58 GMT" time="51.315" errors="0">
  <testcase name="logotestvalidation" time="0.078" classname="com.TestCase.TshirtsPageTest"/>
  <testcase name="numbertestvalidation" time="0.047" classname="com.TestCase.TshirtsPageTest"/>
  <testcase name="womentestvalidation" time="15.124" classname="com.TestCase.TshirtsPageTest"/>
  <testcase name="dresstestvalidation" time="9.499" classname="com.TestCase.TshirtsPageTest"/>
  <testcase name="tshirttestvalidation" time="9.187" classname="com.TestCase.TshirtsPageTest"/>
</testsuite> <!-- Tshirt link -->
