<?xml version="1.0" encoding="UTF-8"?>
<testng-results skipped="0" failed="0" ignored="0" total="2" passed="2">
  <reporter-output>
  </reporter-output>
  <suite name="Default suite" duration-ms="40534" started-at="2019-09-17T07:54:34Z" finished-at="2019-09-17T07:55:15Z">
    <groups>
    </groups>
    <test name="Default test" duration-ms="40534" started-at="2019-09-17T07:54:34Z" finished-at="2019-09-17T07:55:15Z">
      <class name="com.Webpagetest.RegisterPageTest">
        <test-method status="PASS" signature="setUp()[pri:0, instance:com.Webpagetest.RegisterPageTest@6f7fd0e6]" name="setUp" is-config="true" duration-ms="8965" started-at="2019-09-17T07:54:34Z" finished-at="2019-09-17T07:54:43Z">
          <reporter-output>
          </reporter-output>
        </test-method> <!-- setUp -->
        <test-method status="PASS" signature="verifyRegisterPageTitleTest()[pri:1, instance:com.Webpagetest.RegisterPageTest@6f7fd0e6]" name="verifyRegisterPageTitleTest" duration-ms="1859" started-at="2019-09-17T07:54:43Z" finished-at="2019-09-17T07:54:45Z">
          <reporter-output>
          </reporter-output>
        </test-method> <!-- verifyRegisterPageTitleTest -->
        <test-method status="PASS" signature="tearDown()[pri:0, instance:com.Webpagetest.RegisterPageTest@6f7fd0e6]" name="tearDown" is-config="true" duration-ms="2579" started-at="2019-09-17T07:54:45Z" finished-at="2019-09-17T07:54:48Z">
          <reporter-output>
          </reporter-output>
        </test-method> <!-- tearDown -->
        <test-method status="PASS" signature="setUp()[pri:0, instance:com.Webpagetest.RegisterPageTest@6f7fd0e6]" name="setUp" is-config="true" duration-ms="7448" started-at="2019-09-17T07:54:48Z" finished-at="2019-09-17T07:54:56Z">
          <reporter-output>
          </reporter-output>
        </test-method> <!-- setUp -->
        <test-method status="PASS" signature="newRegisterTest(java.lang.String, java.lang.String, java.lang.String, java.lang.String, java.lang.String, java.lang.String, java.lang.String, java.lang.String, java.lang.String, java.lang.String, java.lang.String, java.lang.String, java.lang.String)[pri:2, instance:com.Webpagetest.RegisterPageTest@6f7fd0e6]" name="newRegisterTest" duration-ms="16584" started-at="2019-09-17T07:54:56Z" data-provider="registerTestData" finished-at="2019-09-17T07:55:12Z">
          <params>
            <param index="0">
              <value>
                <![CDATA[mahesh]]>
              </value>
            </param>
            <param index="1">
              <value>
                <![CDATA[chinna12]]>
              </value>
            </param>
            <param index="2">
              <value>
                <![CDATA[9764873652]]>
              </value>
            </param>
            <param index="3">
              <value>
                <![CDATA[abc@gmail.com]]>
              </value>
            </param>
            <param index="4">
              <value>
                <![CDATA[hydreabad]]>
              </value>
            </param>
            <param index="5">
              <value>
                <![CDATA[hydreabad]]>
              </value>
            </param>
            <param index="6">
              <value>
                <![CDATA[ameerpet]]>
              </value>
            </param>
            <param index="7">
              <value>
                <![CDATA[ts]]>
              </value>
            </param>
            <param index="8">
              <value>
                <![CDATA[500036]]>
              </value>
            </param>
            <param index="9">
              <value>
                <![CDATA[INDIA]]>
              </value>
            </param>
            <param index="10">
              <value>
                <![CDATA[maheshind]]>
              </value>
            </param>
            <param index="11">
              <value>
                <![CDATA[mahesh123]]>
              </value>
            </param>
            <param index="12">
              <value>
                <![CDATA[mahesh123]]>
              </value>
            </param>
          </params>
          <reporter-output>
          </reporter-output>
        </test-method> <!-- newRegisterTest -->
        <test-method status="PASS" signature="tearDown()[pri:0, instance:com.Webpagetest.RegisterPageTest@6f7fd0e6]" name="tearDown" is-config="true" duration-ms="2512" started-at="2019-09-17T07:55:12Z" finished-at="2019-09-17T07:55:15Z">
          <reporter-output>
          </reporter-output>
        </test-method> <!-- tearDown -->
      </class> <!-- com.Webpagetest.RegisterPageTest -->
    </test> <!-- Default test -->
  </suite> <!-- Default suite -->
</testng-results>
