<?xml version="1.0" encoding="UTF-8"?>
<!-- Generated by org.testng.reporters.JUnitXMLReporter -->
<testsuite hostname="DESKTOP-H3C7SM4" ignored="0" name="Test2" tests="5" failures="0" timestamp="06 Dec 2019 16:57:02 GMT" time="44.342" errors="0">
  <testcase name="logotestvalidation" time="0.063" classname="com.TestCase.DressesTest"/>
  <testcase name="numbertestvalidation" time="0.031" classname="com.TestCase.DressesTest"/>
  <testcase name="womentestvalidation" time="11.843" classname="com.TestCase.DressesTest"/>
  <testcase name="dresstestvalidation" time="9.828" classname="com.TestCase.DressesTest"/>
  <testcase name="tshirttestvalidation" time="8.749" classname="com.TestCase.DressesTest"/>
</testsuite> <!-- Test2 -->
