<?xml version="1.0" encoding="UTF-8"?>
<!-- Generated by org.testng.reporters.JUnitXMLReporter -->
<testsuite hostname="DESKTOP-H3C7SM4" ignored="0" name="Test1" tests="5" failures="0" timestamp="06 Dec 2019 16:56:18 GMT" time="51.932" errors="0">
  <testcase name="logotestvalidation" time="0.075" classname="com.TestCase.TshirtsPageTest"/>
  <testcase name="numbertestvalidation" time="0.029" classname="com.TestCase.TshirtsPageTest"/>
  <testcase name="womentestvalidation" time="15.473" classname="com.TestCase.TshirtsPageTest"/>
  <testcase name="dresstestvalidation" time="9.5" classname="com.TestCase.TshirtsPageTest"/>
  <testcase name="tshirttestvalidation" time="8.624" classname="com.TestCase.TshirtsPageTest"/>
</testsuite> <!-- Test1 -->
