<?xml version="1.0" encoding="UTF-8"?>
<!-- Generated by org.testng.reporters.JUnitXMLReporter -->
<testsuite hostname="DESKTOP-H3C7SM4" ignored="0" name="Test3" tests="5" failures="0" timestamp="06 Dec 2019 16:57:48 GMT" time="46.081" errors="0">
  <testcase name="logotestvalidation" time="0.065" classname="com.TestCase.HomepageTest"/>
  <testcase name="numbertestvalidation" time="0.032" classname="com.TestCase.HomepageTest"/>
  <testcase name="womentestvalidation" time="12.53" classname="com.TestCase.HomepageTest"/>
  <testcase name="dresstestvalidation" time="8.515" classname="com.TestCase.HomepageTest"/>
  <testcase name="tshirttestvalidation" time="8.577" classname="com.TestCase.HomepageTest"/>
</testsuite> <!-- Test3 -->
