<?xml version="1.0" encoding="UTF-8"?>
<testng-results skipped="0" failed="0" total="1" passed="1">
  <reporter-output>
  </reporter-output>
  <suite name="Default suite" duration-ms="19138" started-at="2019-09-06T18:57:16Z" finished-at="2019-09-06T18:57:35Z">
    <groups>
    </groups>
    <test name="Default test" duration-ms="19138" started-at="2019-09-06T18:57:16Z" finished-at="2019-09-06T18:57:35Z">
      <class name="com.Test.LoginTest">
        <test-method status="PASS" signature="setup()[pri:0, instance:com.Test.LoginTest@6767c1fc]" name="setup" is-config="true" duration-ms="10951" started-at="2019-09-07T00:27:16Z" finished-at="2019-09-07T00:27:26Z">
          <reporter-output>
          </reporter-output>
        </test-method> <!-- setup -->
        <test-method status="PASS" signature="logintest()[pri:0, instance:com.Test.LoginTest@6767c1fc]" name="logintest" duration-ms="3371" started-at="2019-09-07T00:27:26Z" finished-at="2019-09-07T00:27:30Z">
          <reporter-output>
          </reporter-output>
        </test-method> <!-- logintest -->
        <test-method status="PASS" signature="close()[pri:0, instance:com.Test.LoginTest@6767c1fc]" name="close" is-config="true" duration-ms="4784" started-at="2019-09-07T00:27:30Z" finished-at="2019-09-07T00:27:35Z">
          <reporter-output>
          </reporter-output>
        </test-method> <!-- close -->
      </class> <!-- com.Test.LoginTest -->
    </test> <!-- Default test -->
  </suite> <!-- Default suite -->
</testng-results>
